{"/home/travis/build/npmtest/node-npmtest-in-view/test.js":{"path":"/home/travis/build/npmtest/node-npmtest-in-view/test.js","s":{"1":2,"2":2,"3":2,"4":2,"5":2,"6":2,"7":2,"8":1,"9":2,"10":2,"11":1,"12":1,"13":1,"14":1,"15":2,"16":2,"17":2,"18":2,"19":1,"20":1,"21":2,"22":2,"23":2,"24":1,"25":1,"26":1,"27":1,"28":1,"29":1,"30":1,"31":1,"32":1,"33":1,"34":1,"35":1,"36":1,"37":1,"38":1,"39":2,"40":2,"41":1,"42":2,"43":2,"44":1,"45":2,"46":2,"47":1,"48":2,"49":2,"50":1,"51":1,"52":1,"53":1,"54":1},"b":{"1":[2,1,1,1],"2":[1,1,1,1],"3":[1,1],"4":[1,1],"5":[1,1],"6":[1,1],"7":[1,1],"8":[1,1],"9":[1,1],"10":[1,1,1],"11":[1,1],"12":[1,1],"13":[1,1],"14":[1,1],"15":[1,1],"16":[1,1],"17":[1,1]},"f":{"1":2,"2":2,"3":2,"4":2,"5":2,"6":1,"7":1,"8":1,"9":2,"10":2,"11":2,"12":2,"13":1},"fnMap":{"1":{"name":"(anonymous_1)","line":12,"loc":{"start":{"line":12,"column":1},"end":{"line":12,"column":13}}},"2":{"name":"(anonymous_2)","line":19,"loc":{"start":{"line":19,"column":5},"end":{"line":19,"column":17}}},"3":{"name":"(anonymous_3)","line":23,"loc":{"start":{"line":23,"column":24},"end":{"line":23,"column":36}}},"4":{"name":"(anonymous_4)","line":61,"loc":{"start":{"line":61,"column":5},"end":{"line":61,"column":17}}},"5":{"name":"(anonymous_5)","line":82,"loc":{"start":{"line":82,"column":5},"end":{"line":82,"column":17}}},"6":{"name":"(anonymous_6)","line":91,"loc":{"start":{"line":91,"column":77},"end":{"line":94,"column":10}}},"7":{"name":"(anonymous_7)","line":112,"loc":{"start":{"line":112,"column":83},"end":{"line":115,"column":10}},"skip":true},"8":{"name":"(anonymous_8)","line":123,"loc":{"start":{"line":123,"column":77},"end":{"line":126,"column":10}},"skip":true},"9":{"name":"(anonymous_9)","line":139,"loc":{"start":{"line":139,"column":12},"end":{"line":139,"column":40}},"skip":true},"10":{"name":"(anonymous_10)","line":147,"loc":{"start":{"line":147,"column":77},"end":{"line":150,"column":10}},"skip":true},"11":{"name":"(anonymous_11)","line":158,"loc":{"start":{"line":158,"column":83},"end":{"line":161,"column":10}},"skip":true},"12":{"name":"(anonymous_12)","line":169,"loc":{"start":{"line":169,"column":79},"end":{"line":172,"column":10}},"skip":true},"13":{"name":"(anonymous_13)","line":180,"loc":{"start":{"line":180,"column":75},"end":{"line":183,"column":10}},"skip":true}},"statementMap":{"1":{"start":{"line":12,"column":0},"end":{"line":195,"column":5}},"2":{"start":{"line":14,"column":4},"end":{"line":14,"column":14}},"3":{"start":{"line":19,"column":4},"end":{"line":56,"column":9}},"4":{"start":{"line":21,"column":8},"end":{"line":21,"column":19}},"5":{"start":{"line":23,"column":8},"end":{"line":35,"column":13}},"6":{"start":{"line":24,"column":12},"end":{"line":34,"column":13}},"7":{"start":{"line":25,"column":16},"end":{"line":28,"column":30}},"8":{"start":{"line":30,"column":16},"end":{"line":33,"column":27}},"9":{"start":{"line":37,"column":8},"end":{"line":39,"column":21}},"10":{"start":{"line":40,"column":8},"end":{"line":53,"column":9}},"11":{"start":{"line":43,"column":12},"end":{"line":46,"column":14}},"12":{"start":{"line":47,"column":12},"end":{"line":47,"column":18}},"13":{"start":{"line":50,"column":12},"end":{"line":51,"column":33}},"14":{"start":{"line":52,"column":12},"end":{"line":52,"column":18}},"15":{"start":{"line":55,"column":8},"end":{"line":55,"column":35}},"16":{"start":{"line":61,"column":4},"end":{"line":63,"column":9}},"17":{"start":{"line":62,"column":8},"end":{"line":62,"column":15}},"18":{"start":{"line":64,"column":4},"end":{"line":77,"column":5}},"19":{"start":{"line":70,"column":8},"end":{"line":70,"column":14}},"20":{"start":{"line":76,"column":8},"end":{"line":76,"column":14}},"21":{"start":{"line":82,"column":4},"end":{"line":84,"column":9}},"22":{"start":{"line":83,"column":8},"end":{"line":83,"column":15}},"23":{"start":{"line":85,"column":4},"end":{"line":194,"column":5}},"24":{"start":{"line":91,"column":8},"end":{"line":99,"column":10}},"25":{"start":{"line":98,"column":12},"end":{"line":98,"column":35}},"26":{"start":{"line":102,"column":8},"end":{"line":104,"column":63}},"27":{"start":{"line":105,"column":8},"end":{"line":105,"column":14}},"28":{"start":{"line":112,"column":8},"end":{"line":121,"column":10},"skip":true},"29":{"start":{"line":119,"column":12},"end":{"line":119,"column":55},"skip":true},"30":{"start":{"line":120,"column":12},"end":{"line":120,"column":48},"skip":true},"31":{"start":{"line":123,"column":8},"end":{"line":136,"column":10},"skip":true},"32":{"start":{"line":130,"column":12},"end":{"line":130,"column":76},"skip":true},"33":{"start":{"line":131,"column":12},"end":{"line":131,"column":73},"skip":true},"34":{"start":{"line":132,"column":12},"end":{"line":132,"column":74},"skip":true},"35":{"start":{"line":133,"column":12},"end":{"line":133,"column":79},"skip":true},"36":{"start":{"line":134,"column":12},"end":{"line":134,"column":25},"skip":true},"37":{"start":{"line":135,"column":12},"end":{"line":135,"column":45},"skip":true},"38":{"start":{"line":138,"column":8},"end":{"line":145,"column":14},"skip":true},"39":{"start":{"line":143,"column":16},"end":{"line":143,"column":29},"skip":true},"40":{"start":{"line":144,"column":16},"end":{"line":144,"column":55},"skip":true},"41":{"start":{"line":147,"column":8},"end":{"line":156,"column":10},"skip":true},"42":{"start":{"line":154,"column":12},"end":{"line":154,"column":25},"skip":true},"43":{"start":{"line":155,"column":12},"end":{"line":155,"column":45},"skip":true},"44":{"start":{"line":158,"column":8},"end":{"line":167,"column":10},"skip":true},"45":{"start":{"line":165,"column":12},"end":{"line":165,"column":25},"skip":true},"46":{"start":{"line":166,"column":12},"end":{"line":166,"column":48},"skip":true},"47":{"start":{"line":169,"column":8},"end":{"line":178,"column":10},"skip":true},"48":{"start":{"line":176,"column":12},"end":{"line":176,"column":25},"skip":true},"49":{"start":{"line":177,"column":12},"end":{"line":177,"column":46},"skip":true},"50":{"start":{"line":180,"column":8},"end":{"line":189,"column":10},"skip":true},"51":{"start":{"line":187,"column":12},"end":{"line":187,"column":94},"skip":true},"52":{"start":{"line":188,"column":12},"end":{"line":188,"column":48},"skip":true},"53":{"start":{"line":192,"column":8},"end":{"line":192,"column":35},"skip":true},"54":{"start":{"line":193,"column":8},"end":{"line":193,"column":14},"skip":true}},"branchMap":{"1":{"line":25,"type":"binary-expr","locations":[{"start":{"line":25,"column":23},"end":{"line":25,"column":62}},{"start":{"line":26,"column":20},"end":{"line":26,"column":70}},{"start":{"line":27,"column":20},"end":{"line":27,"column":71}},{"start":{"line":28,"column":20},"end":{"line":28,"column":29}}]},"2":{"line":30,"type":"binary-expr","locations":[{"start":{"line":30,"column":23},"end":{"line":30,"column":37}},{"start":{"line":31,"column":20},"end":{"line":31,"column":61}},{"start":{"line":32,"column":20},"end":{"line":32,"column":70}},{"start":{"line":33,"column":20},"end":{"line":33,"column":26}}]},"3":{"line":37,"type":"cond-expr","locations":[{"start":{"line":38,"column":14},"end":{"line":38,"column":20}},{"start":{"line":39,"column":14},"end":{"line":39,"column":20}}]},"4":{"line":40,"type":"switch","locations":[{"start":{"line":42,"column":8},"end":{"line":47,"column":18}},{"start":{"line":49,"column":8},"end":{"line":52,"column":18}}]},"5":{"line":44,"type":"binary-expr","locations":[{"start":{"line":44,"column":16},"end":{"line":44,"column":44}},{"start":{"line":44,"column":48},"end":{"line":44,"column":66}}]},"6":{"line":50,"type":"binary-expr","locations":[{"start":{"line":50,"column":21},"end":{"line":50,"column":49}},{"start":{"line":50,"column":53},"end":{"line":50,"column":72}}]},"7":{"line":64,"type":"switch","locations":[{"start":{"line":69,"column":4},"end":{"line":70,"column":14}},{"start":{"line":75,"column":4},"end":{"line":76,"column":14}}]},"8":{"line":85,"type":"switch","locations":[{"start":{"line":90,"column":4},"end":{"line":105,"column":14}},{"start":{"line":111,"column":4},"end":{"line":193,"column":14},"skip":true}]},"9":{"line":91,"type":"binary-expr","locations":[{"start":{"line":91,"column":42},"end":{"line":91,"column":73}},{"start":{"line":91,"column":77},"end":{"line":99,"column":9}}]},"10":{"line":102,"type":"binary-expr","locations":[{"start":{"line":102,"column":18},"end":{"line":102,"column":32}},{"start":{"line":103,"column":12},"end":{"line":103,"column":53}},{"start":{"line":104,"column":12},"end":{"line":104,"column":61}}]},"11":{"line":112,"type":"binary-expr","locations":[{"start":{"line":112,"column":45},"end":{"line":112,"column":79},"skip":true},{"start":{"line":112,"column":83},"end":{"line":121,"column":9},"skip":true}]},"12":{"line":123,"type":"binary-expr","locations":[{"start":{"line":123,"column":42},"end":{"line":123,"column":73},"skip":true},{"start":{"line":123,"column":77},"end":{"line":136,"column":9},"skip":true}]},"13":{"line":138,"type":"binary-expr","locations":[{"start":{"line":138,"column":48},"end":{"line":138,"column":85},"skip":true},{"start":{"line":139,"column":12},"end":{"line":145,"column":13},"skip":true}]},"14":{"line":147,"type":"binary-expr","locations":[{"start":{"line":147,"column":42},"end":{"line":147,"column":73},"skip":true},{"start":{"line":147,"column":77},"end":{"line":156,"column":9},"skip":true}]},"15":{"line":158,"type":"binary-expr","locations":[{"start":{"line":158,"column":45},"end":{"line":158,"column":79},"skip":true},{"start":{"line":158,"column":83},"end":{"line":167,"column":9},"skip":true}]},"16":{"line":169,"type":"binary-expr","locations":[{"start":{"line":169,"column":43},"end":{"line":169,"column":75},"skip":true},{"start":{"line":169,"column":79},"end":{"line":178,"column":9},"skip":true}]},"17":{"line":180,"type":"binary-expr","locations":[{"start":{"line":180,"column":41},"end":{"line":180,"column":71},"skip":true},{"start":{"line":180,"column":75},"end":{"line":189,"column":9},"skip":true}]}},"code":["/* istanbul instrument in package npmtest_in_view */","/*jslint","    bitwise: true,","    browser: true,","    maxerr: 8,","    maxlen: 96,","    node: true,","    nomen: true,","    regexp: true,","    stupid: true","*/","(function () {","    'use strict';","    var local;","","","","    // run shared js-env code - pre-init","    (function () {","        // init local","        local = {};","        // init modeJs","        local.modeJs = (function () {","            try {","                return typeof navigator.userAgent === 'string' &&","                    typeof document.querySelector('body') === 'object' &&","                    typeof XMLHttpRequest.prototype.open === 'function' &&","                    'browser';","            } catch (errorCaughtBrowser) {","                return module.exports &&","                    typeof process.versions.node === 'string' &&","                    typeof require('http').createServer === 'function' &&","                    'node';","            }","        }());","        // init global","        local.global = local.modeJs === 'browser'","            ? window","            : global;","        switch (local.modeJs) {","        // re-init local from window.local","        case 'browser':","            local = local.global.utility2.objectSetDefault(","                local.global.utility2_rollup || local.global.local,","                local.global.utility2","            );","            break;","        // re-init local from example.js","        case 'node':","            local = (local.global.utility2_rollup || require('utility2'))","                .requireReadme();","            break;","        }","        // export local","        local.global.local = local;","    }());","","","","    // run shared js-env code - function","    (function () {","        return;","    }());","    switch (local.modeJs) {","","","","    // run browser js-env code - function","    case 'browser':","        break;","","","","    // run node js-env code - function","    case 'node':","        break;","    }","","","","    // run shared js-env code - post-init","    (function () {","        return;","    }());","    switch (local.modeJs) {","","","","    // run browser js-env code - post-init","    case 'browser':","        local.testCase_browser_nullCase = local.testCase_browser_nullCase || function (","            options,","            onError","        ) {","        /*","         * this function will test browsers's null-case handling-behavior-behavior","         */","            onError(null, options);","        };","","        // run tests","        local.nop(local.modeTest &&","            document.querySelector('#testRunButton1') &&","            document.querySelector('#testRunButton1').click());","        break;","","","","    // run node js-env code - post-init","    /* istanbul ignore next */","    case 'node':","        local.testCase_buildApidoc_default = local.testCase_buildApidoc_default || function (","            options,","            onError","        ) {","        /*","         * this function will test buildApidoc's default handling-behavior-behavior","         */","            options = { modulePathList: module.paths };","            local.buildApidoc(options, onError);","        };","","        local.testCase_buildApp_default = local.testCase_buildApp_default || function (","            options,","            onError","        ) {","        /*","         * this function will test buildApp's default handling-behavior-behavior","         */","            local.testCase_buildReadme_default(options, local.onErrorThrow);","            local.testCase_buildLib_default(options, local.onErrorThrow);","            local.testCase_buildTest_default(options, local.onErrorThrow);","            local.testCase_buildCustomOrg_default(options, local.onErrorThrow);","            options = [];","            local.buildApp(options, onError);","        };","","        local.testCase_buildCustomOrg_default = local.testCase_buildCustomOrg_default ||","            function (options, onError) {","            /*","             * this function will test buildCustomOrg's default handling-behavior","             */","                options = {};","                local.buildCustomOrg(options, onError);","            };","","        local.testCase_buildLib_default = local.testCase_buildLib_default || function (","            options,","            onError","        ) {","        /*","         * this function will test buildLib's default handling-behavior","         */","            options = {};","            local.buildLib(options, onError);","        };","","        local.testCase_buildReadme_default = local.testCase_buildReadme_default || function (","            options,","            onError","        ) {","        /*","         * this function will test buildReadme's default handling-behavior-behavior","         */","            options = {};","            local.buildReadme(options, onError);","        };","","        local.testCase_buildTest_default = local.testCase_buildTest_default || function (","            options,","            onError","        ) {","        /*","         * this function will test buildTest's default handling-behavior","         */","            options = {};","            local.buildTest(options, onError);","        };","","        local.testCase_webpage_default = local.testCase_webpage_default || function (","            options,","            onError","        ) {","        /*","         * this function will test webpage's default handling-behavior","         */","            options = { modeCoverageMerge: true, url: local.serverLocalHost + '?modeTest=1' };","            local.browserTest(options, onError);","        };","","        // run test-server","        local.testRunServer(local);","        break;","    }","}());",""],"l":{"12":2,"14":2,"19":2,"21":2,"23":2,"24":2,"25":2,"30":1,"37":2,"40":2,"43":1,"47":1,"50":1,"52":1,"55":2,"61":2,"62":2,"64":2,"70":1,"76":1,"82":2,"83":2,"85":2,"91":1,"98":1,"102":1,"105":1,"112":1,"119":1,"120":1,"123":1,"130":1,"131":1,"132":1,"133":1,"134":1,"135":1,"138":1,"143":2,"144":2,"147":1,"154":2,"155":2,"158":1,"165":2,"166":2,"169":1,"176":2,"177":2,"180":1,"187":1,"188":1,"192":1,"193":1}},"/home/travis/build/npmtest/node-npmtest-in-view/lib.npmtest_in_view.js":{"path":"/home/travis/build/npmtest/node-npmtest-in-view/lib.npmtest_in_view.js","s":{"1":2,"2":2,"3":2,"4":2,"5":2,"6":2,"7":2,"8":1,"9":2,"10":2,"11":2,"12":2,"13":1,"14":1,"15":1,"16":1},"b":{"1":[2,1,1,1],"2":[1,1,1,1],"3":[1,1],"4":[2,2],"5":[1,1]},"f":{"1":2,"2":2,"3":2},"fnMap":{"1":{"name":"(anonymous_1)","line":12,"loc":{"start":{"line":12,"column":1},"end":{"line":12,"column":13}}},"2":{"name":"(anonymous_2)","line":19,"loc":{"start":{"line":19,"column":5},"end":{"line":19,"column":17}}},"3":{"name":"(anonymous_3)","line":23,"loc":{"start":{"line":23,"column":24},"end":{"line":23,"column":36}}}},"statementMap":{"1":{"start":{"line":12,"column":0},"end":{"line":53,"column":5}},"2":{"start":{"line":14,"column":4},"end":{"line":14,"column":14}},"3":{"start":{"line":19,"column":4},"end":{"line":52,"column":9}},"4":{"start":{"line":21,"column":8},"end":{"line":21,"column":19}},"5":{"start":{"line":23,"column":8},"end":{"line":35,"column":13}},"6":{"start":{"line":24,"column":12},"end":{"line":34,"column":13}},"7":{"start":{"line":25,"column":16},"end":{"line":28,"column":30}},"8":{"start":{"line":30,"column":16},"end":{"line":33,"column":27}},"9":{"start":{"line":37,"column":8},"end":{"line":39,"column":21}},"10":{"start":{"line":41,"column":8},"end":{"line":41,"column":54}},"11":{"start":{"line":43,"column":8},"end":{"line":43,"column":52}},"12":{"start":{"line":45,"column":8},"end":{"line":51,"column":9}},"13":{"start":{"line":46,"column":12},"end":{"line":46,"column":58}},"14":{"start":{"line":48,"column":12},"end":{"line":48,"column":35}},"15":{"start":{"line":49,"column":12},"end":{"line":49,"column":49}},"16":{"start":{"line":50,"column":12},"end":{"line":50,"column":43}}},"branchMap":{"1":{"line":25,"type":"binary-expr","locations":[{"start":{"line":25,"column":23},"end":{"line":25,"column":62}},{"start":{"line":26,"column":20},"end":{"line":26,"column":70}},{"start":{"line":27,"column":20},"end":{"line":27,"column":71}},{"start":{"line":28,"column":20},"end":{"line":28,"column":29}}]},"2":{"line":30,"type":"binary-expr","locations":[{"start":{"line":30,"column":23},"end":{"line":30,"column":37}},{"start":{"line":31,"column":20},"end":{"line":31,"column":61}},{"start":{"line":32,"column":20},"end":{"line":32,"column":70}},{"start":{"line":33,"column":20},"end":{"line":33,"column":26}}]},"3":{"line":37,"type":"cond-expr","locations":[{"start":{"line":38,"column":14},"end":{"line":38,"column":20}},{"start":{"line":39,"column":14},"end":{"line":39,"column":20}}]},"4":{"line":41,"type":"binary-expr","locations":[{"start":{"line":41,"column":16},"end":{"line":41,"column":44}},{"start":{"line":41,"column":48},"end":{"line":41,"column":53}}]},"5":{"line":45,"type":"if","locations":[{"start":{"line":45,"column":8},"end":{"line":45,"column":8}},{"start":{"line":45,"column":8},"end":{"line":45,"column":8}}]}},"code":["/* istanbul instrument in package npmtest_in_view */","/*jslint","    bitwise: true,","    browser: true,","    maxerr: 8,","    maxlen: 96,","    node: true,","    nomen: true,","    regexp: true,","    stupid: true","*/","(function () {","    'use strict';","    var local;","","","","    // run shared js-env code - pre-init","    (function () {","        // init local","        local = {};","        // init modeJs","        local.modeJs = (function () {","            try {","                return typeof navigator.userAgent === 'string' &&","                    typeof document.querySelector('body') === 'object' &&","                    typeof XMLHttpRequest.prototype.open === 'function' &&","                    'browser';","            } catch (errorCaughtBrowser) {","                return module.exports &&","                    typeof process.versions.node === 'string' &&","                    typeof require('http').createServer === 'function' &&","                    'node';","            }","        }());","        // init global","        local.global = local.modeJs === 'browser'","            ? window","            : global;","        // init utility2_rollup","        local = local.global.utility2_rollup || local;","        // init lib","        local.local = local.npmtest_in_view = local;","        // init exports","        if (local.modeJs === 'browser') {","            local.global.utility2_npmtest_in_view = local;","        } else {","            module.exports = local;","            module.exports.__dirname = __dirname;","            module.exports.module = module;","        }","    }());","}());",""],"l":{"12":2,"14":2,"19":2,"21":2,"23":2,"24":2,"25":2,"30":1,"37":2,"41":2,"43":2,"45":2,"46":1,"48":1,"49":1,"50":1}},"/home/travis/build/npmtest/node-npmtest-in-view/example.js":{"path":"/home/travis/build/npmtest/node-npmtest-in-view/example.js","s":{"1":2,"2":2,"3":2,"4":2,"5":2,"6":2,"7":2,"8":1,"9":2,"10":2,"11":2,"12":2,"13":1,"14":2,"15":2,"16":2,"17":2,"18":2,"19":0,"20":2,"21":1,"22":1,"23":1,"24":1,"25":1,"26":0,"27":0,"28":1,"29":1,"30":2,"31":0,"32":0,"33":0,"34":1,"35":2,"36":2,"37":3,"38":3,"39":3,"40":3,"41":0,"42":3,"43":3,"44":3,"45":1,"46":3,"47":1,"48":1,"49":1,"50":1,"51":1,"52":1,"53":1,"54":1,"55":1,"56":1,"57":0,"58":1,"59":6,"60":6,"61":1,"62":2,"63":0,"64":2,"65":1,"66":1,"67":0,"68":0,"69":0,"70":0,"71":0,"72":0,"73":0,"74":0,"75":0,"76":0,"77":0,"78":0,"79":0,"80":0,"81":0,"82":0,"83":0},"b":{"1":[2,1,1,1],"2":[1,1,1,1],"3":[1,1],"4":[2,2],"5":[1,1],"6":[1,1],"7":[2,0],"8":[2,1,1,1,1,1],"9":[0,2,0],"10":[1,1],"11":[2,1,1],"12":[1,0],"13":[0,2],"14":[2,0,0,0,0,0,0],"15":[0,3],"16":[3,0],"17":[1,1],"18":[0,1],"19":[1,2,0,2],"20":[1,0],"21":[1,1],"22":[0,0],"23":[0,0],"24":[0,0],"25":[0,0],"26":[0,0],"27":[0,0],"28":[0,0]},"f":{"1":2,"2":2,"3":2,"4":2,"5":2,"6":2,"7":3,"8":3,"9":3,"10":1,"11":6,"12":0},"fnMap":{"1":{"name":"(anonymous_1)","line":26,"loc":{"start":{"line":26,"column":1},"end":{"line":26,"column":13}}},"2":{"name":"(anonymous_2)","line":33,"loc":{"start":{"line":33,"column":5},"end":{"line":33,"column":17}}},"3":{"name":"(anonymous_3)","line":37,"loc":{"start":{"line":37,"column":24},"end":{"line":37,"column":36}}},"4":{"name":"(anonymous_4)","line":69,"loc":{"start":{"line":69,"column":31},"end":{"line":69,"column":48}},"skip":true},"5":{"name":"(anonymous_5)","line":78,"loc":{"start":{"line":78,"column":26},"end":{"line":78,"column":45}},"skip":true},"6":{"name":"(anonymous_6)","line":123,"loc":{"start":{"line":123,"column":33},"end":{"line":123,"column":48}},"skip":true},"7":{"name":"(anonymous_7)","line":125,"loc":{"start":{"line":125,"column":27},"end":{"line":125,"column":39}},"skip":true},"8":{"name":"(anonymous_8)","line":133,"loc":{"start":{"line":133,"column":59},"end":{"line":133,"column":74}},"skip":true},"9":{"name":"(anonymous_9)","line":143,"loc":{"start":{"line":143,"column":45},"end":{"line":143,"column":62}},"skip":true},"10":{"name":"(anonymous_10)","line":144,"loc":{"start":{"line":144,"column":73},"end":{"line":144,"column":92}},"skip":true},"11":{"name":"(anonymous_11)","line":272,"loc":{"start":{"line":272,"column":51},"end":{"line":272,"column":77}},"skip":true},"12":{"name":"(anonymous_12)","line":315,"loc":{"start":{"line":315,"column":32},"end":{"line":315,"column":61}},"skip":true}},"statementMap":{"1":{"start":{"line":26,"column":0},"end":{"line":326,"column":5}},"2":{"start":{"line":28,"column":4},"end":{"line":28,"column":14}},"3":{"start":{"line":33,"column":4},"end":{"line":60,"column":9}},"4":{"start":{"line":35,"column":8},"end":{"line":35,"column":19}},"5":{"start":{"line":37,"column":8},"end":{"line":49,"column":13}},"6":{"start":{"line":38,"column":12},"end":{"line":48,"column":13}},"7":{"start":{"line":39,"column":16},"end":{"line":42,"column":30}},"8":{"start":{"line":44,"column":16},"end":{"line":47,"column":27}},"9":{"start":{"line":51,"column":8},"end":{"line":53,"column":21}},"10":{"start":{"line":55,"column":8},"end":{"line":57,"column":45}},"11":{"start":{"line":59,"column":8},"end":{"line":59,"column":35}},"12":{"start":{"line":61,"column":4},"end":{"line":325,"column":5}},"13":{"start":{"line":69,"column":8},"end":{"line":121,"column":10},"skip":true},"14":{"start":{"line":70,"column":12},"end":{"line":88,"column":13},"skip":true},"15":{"start":{"line":76,"column":16},"end":{"line":87,"column":19},"skip":true},"16":{"start":{"line":79,"column":20},"end":{"line":86,"column":21},"skip":true},"17":{"start":{"line":82,"column":24},"end":{"line":82,"column":43},"skip":true},"18":{"start":{"line":83,"column":24},"end":{"line":83,"column":30},"skip":true},"19":{"start":{"line":85,"column":24},"end":{"line":85,"column":49},"skip":true},"20":{"start":{"line":89,"column":12},"end":{"line":107,"column":13},"skip":true},"21":{"start":{"line":92,"column":16},"end":{"line":102,"column":17},"skip":true},"22":{"start":{"line":93,"column":20},"end":{"line":93,"column":86},"skip":true},"23":{"start":{"line":94,"column":20},"end":{"line":95,"column":45},"skip":true},"24":{"start":{"line":96,"column":20},"end":{"line":96,"column":42},"skip":true},"25":{"start":{"line":97,"column":20},"end":{"line":97,"column":48},"skip":true},"26":{"start":{"line":100,"column":20},"end":{"line":100,"column":85},"skip":true},"27":{"start":{"line":101,"column":20},"end":{"line":101,"column":96},"skip":true},"28":{"start":{"line":103,"column":16},"end":{"line":103,"column":22},"skip":true},"29":{"start":{"line":106,"column":16},"end":{"line":106,"column":22},"skip":true},"30":{"start":{"line":108,"column":12},"end":{"line":120,"column":13},"skip":true},"31":{"start":{"line":114,"column":16},"end":{"line":119,"column":17},"skip":true},"32":{"start":{"line":116,"column":20},"end":{"line":116,"column":78},"skip":true},"33":{"start":{"line":118,"column":20},"end":{"line":118,"column":47},"skip":true},"34":{"start":{"line":123,"column":8},"end":{"line":141,"column":11},"skip":true},"35":{"start":{"line":124,"column":12},"end":{"line":124,"column":54},"skip":true},"36":{"start":{"line":125,"column":12},"end":{"line":140,"column":14},"skip":true},"37":{"start":{"line":126,"column":16},"end":{"line":126,"column":28},"skip":true},"38":{"start":{"line":127,"column":16},"end":{"line":127,"column":69},"skip":true},"39":{"start":{"line":128,"column":16},"end":{"line":128,"column":75},"skip":true},"40":{"start":{"line":129,"column":16},"end":{"line":131,"column":17},"skip":true},"41":{"start":{"line":130,"column":20},"end":{"line":130,"column":27},"skip":true},"42":{"start":{"line":133,"column":16},"end":{"line":137,"column":36},"skip":true},"43":{"start":{"line":134,"column":20},"end":{"line":136,"column":55},"skip":true},"44":{"start":{"line":139,"column":16},"end":{"line":139,"column":57},"skip":true},"45":{"start":{"line":143,"column":8},"end":{"line":147,"column":11},"skip":true},"46":{"start":{"line":144,"column":12},"end":{"line":146,"column":15},"skip":true},"47":{"start":{"line":145,"column":16},"end":{"line":145,"column":70},"skip":true},"48":{"start":{"line":149,"column":8},"end":{"line":149,"column":31},"skip":true},"49":{"start":{"line":150,"column":8},"end":{"line":150,"column":14},"skip":true},"50":{"start":{"line":158,"column":8},"end":{"line":158,"column":31},"skip":true},"51":{"start":{"line":160,"column":8},"end":{"line":160,"column":33},"skip":true},"52":{"start":{"line":161,"column":8},"end":{"line":161,"column":37},"skip":true},"53":{"start":{"line":162,"column":8},"end":{"line":162,"column":35},"skip":true},"54":{"start":{"line":164,"column":8},"end":{"line":164,"column":50},"skip":true},"55":{"start":{"line":166,"column":8},"end":{"line":256,"column":2},"skip":true},"56":{"start":{"line":258,"column":8},"end":{"line":286,"column":9},"skip":true},"57":{"start":{"line":259,"column":12},"end":{"line":269,"column":14},"skip":true},"58":{"start":{"line":271,"column":12},"end":{"line":285,"column":19},"skip":true},"59":{"start":{"line":274,"column":20},"end":{"line":274,"column":35},"skip":true},"60":{"start":{"line":275,"column":20},"end":{"line":284,"column":21},"skip":true},"61":{"start":{"line":277,"column":24},"end":{"line":277,"column":64},"skip":true},"62":{"start":{"line":279,"column":24},"end":{"line":279,"column":40},"skip":true},"63":{"start":{"line":281,"column":24},"end":{"line":281,"column":40},"skip":true},"64":{"start":{"line":283,"column":24},"end":{"line":283,"column":39},"skip":true},"65":{"start":{"line":288,"column":8},"end":{"line":290,"column":9},"skip":true},"66":{"start":{"line":289,"column":12},"end":{"line":289,"column":18},"skip":true},"67":{"start":{"line":291,"column":8},"end":{"line":293,"column":54},"skip":true},"68":{"start":{"line":296,"column":8},"end":{"line":301,"column":37},"skip":true},"69":{"start":{"line":303,"column":8},"end":{"line":303,"column":82},"skip":true},"70":{"start":{"line":306,"column":8},"end":{"line":308,"column":9},"skip":true},"71":{"start":{"line":307,"column":12},"end":{"line":307,"column":82},"skip":true},"72":{"start":{"line":310,"column":8},"end":{"line":312,"column":9},"skip":true},"73":{"start":{"line":311,"column":12},"end":{"line":311,"column":18},"skip":true},"74":{"start":{"line":313,"column":8},"end":{"line":313,"column":54},"skip":true},"75":{"start":{"line":314,"column":8},"end":{"line":314,"column":69},"skip":true},"76":{"start":{"line":315,"column":8},"end":{"line":323,"column":36},"skip":true},"77":{"start":{"line":316,"column":12},"end":{"line":316,"column":61},"skip":true},"78":{"start":{"line":317,"column":12},"end":{"line":320,"column":13},"skip":true},"79":{"start":{"line":318,"column":16},"end":{"line":318,"column":75},"skip":true},"80":{"start":{"line":319,"column":16},"end":{"line":319,"column":23},"skip":true},"81":{"start":{"line":321,"column":12},"end":{"line":321,"column":38},"skip":true},"82":{"start":{"line":322,"column":12},"end":{"line":322,"column":27},"skip":true},"83":{"start":{"line":324,"column":8},"end":{"line":324,"column":14},"skip":true}},"branchMap":{"1":{"line":39,"type":"binary-expr","locations":[{"start":{"line":39,"column":23},"end":{"line":39,"column":62}},{"start":{"line":40,"column":20},"end":{"line":40,"column":70}},{"start":{"line":41,"column":20},"end":{"line":41,"column":71}},{"start":{"line":42,"column":20},"end":{"line":42,"column":29}}]},"2":{"line":44,"type":"binary-expr","locations":[{"start":{"line":44,"column":23},"end":{"line":44,"column":37}},{"start":{"line":45,"column":20},"end":{"line":45,"column":61}},{"start":{"line":46,"column":20},"end":{"line":46,"column":70}},{"start":{"line":47,"column":20},"end":{"line":47,"column":26}}]},"3":{"line":51,"type":"cond-expr","locations":[{"start":{"line":52,"column":14},"end":{"line":52,"column":20}},{"start":{"line":53,"column":14},"end":{"line":53,"column":20}}]},"4":{"line":55,"type":"binary-expr","locations":[{"start":{"line":55,"column":16},"end":{"line":55,"column":44}},{"start":{"line":55,"column":49},"end":{"line":57,"column":43}}]},"5":{"line":55,"type":"cond-expr","locations":[{"start":{"line":56,"column":14},"end":{"line":56,"column":51}},{"start":{"line":57,"column":14},"end":{"line":57,"column":43}}]},"6":{"line":61,"type":"switch","locations":[{"start":{"line":68,"column":4},"end":{"line":150,"column":14},"skip":true},{"start":{"line":156,"column":4},"end":{"line":324,"column":14},"skip":true}]},"7":{"line":70,"type":"if","locations":[{"start":{"line":70,"column":12},"end":{"line":70,"column":12},"skip":true},{"start":{"line":70,"column":12},"end":{"line":70,"column":12},"skip":true}]},"8":{"line":70,"type":"binary-expr","locations":[{"start":{"line":70,"column":16},"end":{"line":70,"column":22},"skip":true},{"start":{"line":70,"column":27},"end":{"line":70,"column":32},"skip":true},{"start":{"line":71,"column":20},"end":{"line":71,"column":39},"skip":true},{"start":{"line":72,"column":20},"end":{"line":72,"column":49},"skip":true},{"start":{"line":73,"column":20},"end":{"line":73,"column":58},"skip":true},{"start":{"line":74,"column":20},"end":{"line":74,"column":69},"skip":true}]},"9":{"line":79,"type":"switch","locations":[{"start":{"line":80,"column":20},"end":{"line":80,"column":33},"skip":true},{"start":{"line":81,"column":20},"end":{"line":83,"column":30},"skip":true},{"start":{"line":84,"column":20},"end":{"line":85,"column":49},"skip":true}]},"10":{"line":89,"type":"switch","locations":[{"start":{"line":90,"column":12},"end":{"line":103,"column":22},"skip":true},{"start":{"line":105,"column":12},"end":{"line":106,"column":22},"skip":true}]},"11":{"line":89,"type":"binary-expr","locations":[{"start":{"line":89,"column":20},"end":{"line":89,"column":25},"skip":true},{"start":{"line":89,"column":29},"end":{"line":89,"column":48},"skip":true},{"start":{"line":89,"column":52},"end":{"line":89,"column":74},"skip":true}]},"12":{"line":92,"type":"if","locations":[{"start":{"line":92,"column":16},"end":{"line":92,"column":16},"skip":true},{"start":{"line":92,"column":16},"end":{"line":92,"column":16},"skip":true}]},"13":{"line":108,"type":"if","locations":[{"start":{"line":108,"column":12},"end":{"line":108,"column":12},"skip":true},{"start":{"line":108,"column":12},"end":{"line":108,"column":12},"skip":true}]},"14":{"line":108,"type":"binary-expr","locations":[{"start":{"line":108,"column":16},"end":{"line":108,"column":61},"skip":true},{"start":{"line":108,"column":66},"end":{"line":108,"column":72},"skip":true},{"start":{"line":108,"column":77},"end":{"line":108,"column":82},"skip":true},{"start":{"line":109,"column":20},"end":{"line":109,"column":39},"skip":true},{"start":{"line":110,"column":20},"end":{"line":110,"column":49},"skip":true},{"start":{"line":111,"column":20},"end":{"line":111,"column":58},"skip":true},{"start":{"line":112,"column":20},"end":{"line":112,"column":68},"skip":true}]},"15":{"line":129,"type":"if","locations":[{"start":{"line":129,"column":16},"end":{"line":129,"column":16},"skip":true},{"start":{"line":129,"column":16},"end":{"line":129,"column":16},"skip":true}]},"16":{"line":134,"type":"cond-expr","locations":[{"start":{"line":135,"column":26},"end":{"line":135,"column":29},"skip":true},{"start":{"line":136,"column":26},"end":{"line":136,"column":54},"skip":true}]},"17":{"line":164,"type":"binary-expr","locations":[{"start":{"line":164,"column":27},"end":{"line":164,"column":43},"skip":true},{"start":{"line":164,"column":47},"end":{"line":164,"column":49},"skip":true}]},"18":{"line":258,"type":"if","locations":[{"start":{"line":258,"column":8},"end":{"line":258,"column":8},"skip":true},{"start":{"line":258,"column":8},"end":{"line":258,"column":8},"skip":true}]},"19":{"line":275,"type":"switch","locations":[{"start":{"line":276,"column":20},"end":{"line":277,"column":64},"skip":true},{"start":{"line":278,"column":20},"end":{"line":279,"column":40},"skip":true},{"start":{"line":280,"column":20},"end":{"line":281,"column":40},"skip":true},{"start":{"line":282,"column":20},"end":{"line":283,"column":39},"skip":true}]},"20":{"line":288,"type":"if","locations":[{"start":{"line":288,"column":8},"end":{"line":288,"column":8},"skip":true},{"start":{"line":288,"column":8},"end":{"line":288,"column":8},"skip":true}]},"21":{"line":288,"type":"binary-expr","locations":[{"start":{"line":288,"column":12},"end":{"line":288,"column":40},"skip":true},{"start":{"line":288,"column":44},"end":{"line":288,"column":67},"skip":true}]},"22":{"line":292,"type":"binary-expr","locations":[{"start":{"line":292,"column":12},"end":{"line":292,"column":50},"skip":true},{"start":{"line":293,"column":12},"end":{"line":293,"column":53},"skip":true}]},"23":{"line":297,"type":"binary-expr","locations":[{"start":{"line":297,"column":12},"end":{"line":297,"column":65},"skip":true},{"start":{"line":298,"column":12},"end":{"line":301,"column":36},"skip":true}]},"24":{"line":303,"type":"binary-expr","locations":[{"start":{"line":303,"column":43},"end":{"line":303,"column":75},"skip":true},{"start":{"line":303,"column":79},"end":{"line":303,"column":81},"skip":true}]},"25":{"line":306,"type":"if","locations":[{"start":{"line":306,"column":8},"end":{"line":306,"column":8},"skip":true},{"start":{"line":306,"column":8},"end":{"line":306,"column":8},"skip":true}]},"26":{"line":310,"type":"if","locations":[{"start":{"line":310,"column":8},"end":{"line":310,"column":8},"skip":true},{"start":{"line":310,"column":8},"end":{"line":310,"column":8},"skip":true}]},"27":{"line":313,"type":"binary-expr","locations":[{"start":{"line":313,"column":27},"end":{"line":313,"column":43},"skip":true},{"start":{"line":313,"column":47},"end":{"line":313,"column":53},"skip":true}]},"28":{"line":317,"type":"if","locations":[{"start":{"line":317,"column":12},"end":{"line":317,"column":12},"skip":true},{"start":{"line":317,"column":12},"end":{"line":317,"column":12},"skip":true}]}},"code":["/*","example.js","","quickstart example","","instruction","    1. save this script as example.js","    2. run the shell command:","        $ npm install npmtest-in-view && PORT=8081 node example.js","    3. play with the browser-demo on http://127.0.0.1:8081","*/","","","","/* istanbul instrument in package npmtest_in_view */","/*jslint","    bitwise: true,","    browser: true,","    maxerr: 8,","    maxlen: 96,","    node: true,","    nomen: true,","    regexp: true,","    stupid: true","*/","(function () {","    'use strict';","    var local;","","","","    // run shared js-env code - pre-init","    (function () {","        // init local","        local = {};","        // init modeJs","        local.modeJs = (function () {","            try {","                return typeof navigator.userAgent === 'string' &&","                    typeof document.querySelector('body') === 'object' &&","                    typeof XMLHttpRequest.prototype.open === 'function' &&","                    'browser';","            } catch (errorCaughtBrowser) {","                return module.exports &&","                    typeof process.versions.node === 'string' &&","                    typeof require('http').createServer === 'function' &&","                    'node';","            }","        }());","        // init global","        local.global = local.modeJs === 'browser'","            ? window","            : global;","        // init utility2_rollup","        local = local.global.utility2_rollup || (local.modeJs === 'browser'","            ? local.global.utility2_npmtest_in_view","            : global.utility2_moduleExports);","        // export local","        local.global.local = local;","    }());","    switch (local.modeJs) {","","","","    // post-init","    // run browser js-env code - post-init","    /* istanbul ignore next */","    case 'browser':","        local.testRunBrowser = function (event) {","            if (!event || (event &&","                    event.currentTarget &&","                    event.currentTarget.className &&","                    event.currentTarget.className.includes &&","                    event.currentTarget.className.includes('onreset'))) {","                // reset output","                Array.from(","                    document.querySelectorAll('body > .resettable')","                ).forEach(function (element) {","                    switch (element.tagName) {","                    case 'INPUT':","                    case 'TEXTAREA':","                        element.value = '';","                        break;","                    default:","                        element.textContent = '';","                    }","                });","            }","            switch (event && event.currentTarget && event.currentTarget.id) {","            case 'testRunButton1':","                // show tests","                if (document.querySelector('#testReportDiv1').style.display === 'none') {","                    document.querySelector('#testReportDiv1').style.display = 'block';","                    document.querySelector('#testRunButton1').textContent =","                        'hide internal test';","                    local.modeTest = true;","                    local.testRunDefault(local);","                // hide tests","                } else {","                    document.querySelector('#testReportDiv1').style.display = 'none';","                    document.querySelector('#testRunButton1').textContent = 'run internal test';","                }","                break;","            // custom-case","            default:","                break;","            }","            if (document.querySelector('#inputTextareaEval1') && (!event || (event &&","                    event.currentTarget &&","                    event.currentTarget.className &&","                    event.currentTarget.className.includes &&","                    event.currentTarget.className.includes('oneval')))) {","                // try to eval input-code","                try {","                    /*jslint evil: true*/","                    eval(document.querySelector('#inputTextareaEval1').value);","                } catch (errorCaught) {","                    console.error(errorCaught);","                }","            }","        };","        // log stderr and stdout to #outputTextareaStdout1","        ['error', 'log'].forEach(function (key) {","            console[key + '_original'] = console[key];","            console[key] = function () {","                var element;","                console[key + '_original'].apply(console, arguments);","                element = document.querySelector('#outputTextareaStdout1');","                if (!element) {","                    return;","                }","                // append text to #outputTextareaStdout1","                element.value += Array.from(arguments).map(function (arg) {","                    return typeof arg === 'string'","                        ? arg","                        : JSON.stringify(arg, null, 4);","                }).join(' ') + '\\n';","                // scroll textarea to bottom","                element.scrollTop = element.scrollHeight;","            };","        });","        // init event-handling","        ['change', 'click', 'keyup'].forEach(function (event) {","            Array.from(document.querySelectorAll('.on' + event)).forEach(function (element) {","                element.addEventListener(event, local.testRunBrowser);","            });","        });","        // run tests","        local.testRunBrowser();","        break;","","","","    // run node js-env code - post-init","    /* istanbul ignore next */","    case 'node':","        // export local","        module.exports = local;","        // require modules","        local.fs = require('fs');","        local.http = require('http');","        local.url = require('url');","        // init assets","        local.assetsDict = local.assetsDict || {};","        /* jslint-ignore-begin */","        local.assetsDict['/assets.index.template.html'] = '\\","<!doctype html>\\n\\","<html lang=\"en\">\\n\\","<head>\\n\\","<meta charset=\"UTF-8\">\\n\\","<meta name=\"viewport\" content=\"width=device-width, initial-scale=1\">\\n\\","<title>{{env.npm_package_name}} (v{{env.npm_package_version}})</title>\\n\\","<style>\\n\\","/*csslint\\n\\","    box-sizing: false,\\n\\","    universal-selector: false\\n\\","*/\\n\\","* {\\n\\","    box-sizing: border-box;\\n\\","}\\n\\","body {\\n\\","    background: #dde;\\n\\","    font-family: Arial, Helvetica, sans-serif;\\n\\","    margin: 2rem;\\n\\","}\\n\\","body > * {\\n\\","    margin-bottom: 1rem;\\n\\","}\\n\\",".utility2FooterDiv {\\n\\","    margin-top: 20px;\\n\\","    text-align: center;\\n\\","}\\n\\","</style>\\n\\","<style>\\n\\","/*csslint\\n\\","*/\\n\\","textarea {\\n\\","    font-family: monospace;\\n\\","    height: 10rem;\\n\\","    width: 100%;\\n\\","}\\n\\","textarea[readonly] {\\n\\","    background: #ddd;\\n\\","}\\n\\","</style>\\n\\","</head>\\n\\","<body>\\n\\","<!-- utility2-comment\\n\\","<div id=\"ajaxProgressDiv1\" style=\"background: #d00; height: 2px; left: 0; margin: 0; padding: 0; position: fixed; top: 0; transition: background 0.5s, width 1.5s; width: 25%;\"></div>\\n\\","utility2-comment -->\\n\\","<h1>\\n\\","<!-- utility2-comment\\n\\","    <a\\n\\","        {{#if env.npm_package_homepage}}\\n\\","        href=\"{{env.npm_package_homepage}}\"\\n\\","        {{/if env.npm_package_homepage}}\\n\\","        target=\"_blank\"\\n\\","    >\\n\\","utility2-comment -->\\n\\","        {{env.npm_package_name}} (v{{env.npm_package_version}})\\n\\","<!-- utility2-comment\\n\\","    </a>\\n\\","utility2-comment -->\\n\\","</h1>\\n\\","<h3>{{env.npm_package_description}}</h3>\\n\\","<!-- utility2-comment\\n\\","<h4><a download href=\"assets.app.js\">download standalone app</a></h4>\\n\\","<button class=\"onclick onreset\" id=\"testRunButton1\">run internal test</button><br>\\n\\","<div id=\"testReportDiv1\" style=\"display: none;\"></div>\\n\\","utility2-comment -->\\n\\","\\n\\","\\n\\","\\n\\","<label>stderr and stdout</label>\\n\\","<textarea class=\"resettable\" id=\"outputTextareaStdout1\" readonly></textarea>\\n\\","<!-- utility2-comment\\n\\","{{#if isRollup}}\\n\\","<script src=\"assets.app.js\"></script>\\n\\","{{#unless isRollup}}\\n\\","utility2-comment -->\\n\\","<script src=\"assets.utility2.rollup.js\"></script>\\n\\","<script src=\"jsonp.utility2._stateInit?callback=window.utility2._stateInit\"></script>\\n\\","<script src=\"assets.npmtest_in_view.rollup.js\"></script>\\n\\","<script src=\"assets.example.js\"></script>\\n\\","<script src=\"assets.test.js\"></script>\\n\\","<!-- utility2-comment\\n\\","{{/if isRollup}}\\n\\","utility2-comment -->\\n\\","<div class=\"utility2FooterDiv\">\\n\\","    [ this app was created with\\n\\","    <a href=\"https://github.com/kaizhu256/node-utility2\" target=\"_blank\">utility2</a>\\n\\","    ]\\n\\","</div>\\n\\","</body>\\n\\","</html>\\n\\","';","        /* jslint-ignore-end */","        if (local.templateRender) {","            local.assetsDict['/'] = local.templateRender(","                local.assetsDict['/assets.index.template.html'],","                {","                    env: local.objectSetDefault(local.env, {","                        npm_package_description: 'the greatest app in the world!',","                        npm_package_name: 'my-app',","                        npm_package_nameAlias: 'my_app',","                        npm_package_version: '0.0.1'","                    })","                }","            );","        } else {","            local.assetsDict['/'] = local.assetsDict['/assets.index.template.html']","                .replace((/\\{\\{env\\.(\\w+?)\\}\\}/g), function (match0, match1) {","                    // jslint-hack","                    String(match0);","                    switch (match1) {","                    case 'npm_package_description':","                        return 'the greatest app in the world!';","                    case 'npm_package_name':","                        return 'my-app';","                    case 'npm_package_nameAlias':","                        return 'my_app';","                    case 'npm_package_version':","                        return '0.0.1';","                    }","                });","        }","        // run the cli","        if (local.global.utility2_rollup || module !== require.main) {","            break;","        }","        local.assetsDict['/assets.example.js'] =","            local.assetsDict['/assets.example.js'] ||","            local.fs.readFileSync(__filename, 'utf8');","        // bug-workaround - long $npm_package_buildCustomOrg","        /* jslint-ignore-begin */","        local.assetsDict['/assets.npmtest_in_view.rollup.js'] =","            local.assetsDict['/assets.npmtest_in_view.rollup.js'] ||","            local.fs.readFileSync(","                local.npmtest_in_view.__dirname + '/lib.npmtest_in_view.js',","                'utf8'","            ).replace((/^#!/), '//');","        /* jslint-ignore-end */","        local.assetsDict['/favicon.ico'] = local.assetsDict['/favicon.ico'] || '';","        // if $npm_config_timeout_exit exists,","        // then exit this process after $npm_config_timeout_exit ms","        if (Number(process.env.npm_config_timeout_exit)) {","            setTimeout(process.exit, Number(process.env.npm_config_timeout_exit));","        }","        // start server","        if (local.global.utility2_serverHttp1) {","            break;","        }","        process.env.PORT = process.env.PORT || '8081';","        console.error('server starting on port ' + process.env.PORT);","        local.http.createServer(function (request, response) {","            request.urlParsed = local.url.parse(request.url);","            if (local.assetsDict[request.urlParsed.pathname] !== undefined) {","                response.end(local.assetsDict[request.urlParsed.pathname]);","                return;","            }","            response.statusCode = 404;","            response.end();","        }).listen(process.env.PORT);","        break;","    }","}());",""],"l":{"26":2,"28":2,"33":2,"35":2,"37":2,"38":2,"39":2,"44":1,"51":2,"55":2,"59":2,"61":2,"69":1,"70":2,"76":2,"79":2,"82":2,"83":2,"85":1,"89":2,"92":1,"93":1,"94":1,"96":1,"97":1,"100":1,"101":1,"103":1,"106":1,"108":2,"114":1,"116":1,"118":1,"123":1,"124":2,"125":2,"126":3,"127":3,"128":3,"129":3,"130":1,"133":3,"134":3,"139":3,"143":1,"144":3,"145":1,"149":1,"150":1,"158":1,"160":1,"161":1,"162":1,"164":1,"166":1,"258":1,"259":1,"271":1,"274":6,"275":6,"277":1,"279":2,"281":1,"283":2,"288":1,"289":1,"291":1,"296":1,"303":1,"306":1,"307":1,"310":1,"311":1,"313":1,"314":1,"315":1,"316":1,"317":1,"318":1,"319":1,"321":1,"322":1,"324":1}},"/home/travis/build/npmtest/node-npmtest-in-view/node_modules/in-view/dist/in-view.min.js":{"path":"/home/travis/build/npmtest/node-npmtest-in-view/node_modules/in-view/dist/in-view.min.js","s":{"1":1,"2":1,"3":1,"4":1,"5":12,"6":1,"7":11,"8":11,"9":1,"10":1,"11":1,"12":1,"13":1,"14":1,"15":1,"16":0,"17":0,"18":1,"19":1,"20":2,"21":1,"22":1,"23":1,"24":0,"25":0,"26":0,"27":0,"28":0,"29":0,"30":0,"31":0,"32":0,"33":0,"34":0,"35":0,"36":0,"37":0,"38":0,"39":0,"40":0,"41":0,"42":0,"43":0,"44":0,"45":1,"46":1,"47":0,"48":0,"49":1,"50":1,"51":1,"52":1,"53":4,"54":4,"55":1,"56":1,"57":1,"58":0,"59":1,"60":0,"61":0,"62":0,"63":0,"64":0,"65":0,"66":0,"67":0,"68":0,"69":0,"70":0,"71":1,"72":0,"73":1,"74":0,"75":0,"76":1,"77":1,"78":1,"79":1,"80":1,"81":1,"82":1,"83":1,"84":1,"85":0,"86":0,"87":1,"88":0,"89":1,"90":0,"91":0,"92":1,"93":0,"94":0,"95":1,"96":0,"97":0,"98":1,"99":0,"100":1,"101":0,"102":1,"103":0,"104":1,"105":0,"106":0,"107":0,"108":0,"109":0,"110":0,"111":0,"112":0,"113":0,"114":0,"115":0,"116":1,"117":1,"118":1,"119":0,"120":1,"121":1,"122":0,"123":0,"124":0,"125":0,"126":1,"127":1,"128":1,"129":0,"130":1},"b":{"1":[1,0],"2":[1,1],"3":[0,0],"4":[0,0],"5":[0,0],"6":[1,11],"7":[1,0],"8":[1,1],"9":[0,0,0],"10":[1,1],"11":[2,2],"12":[0,1],"13":[0,0],"14":[0,0],"15":[0,0],"16":[0,0],"17":[0,0],"18":[0,0],"19":[0,0],"20":[0,0,0],"21":[0,0],"22":[0,0],"23":[4,4],"24":[4,4],"25":[1,1],"26":[1,0],"27":[0,0],"28":[0,0],"29":[0,0],"30":[0,0],"31":[0,0,0,0],"32":[1,1,1,1],"33":[1,0,0,0],"34":[1,0,0],"35":[0,0],"36":[0,0],"37":[0,0,0,0,0],"38":[0,0],"39":[0,0],"40":[0,0],"41":[0,0],"42":[0,0],"43":[0,0],"44":[0,0],"45":[0,0],"46":[0,0],"47":[0,0],"48":[0,0],"49":[0,0],"50":[0,0],"51":[0,0],"52":[0,0],"53":[0,0],"54":[0,0],"55":[0,0],"56":[0,0]},"f":{"1":1,"2":1,"3":1,"4":12,"5":1,"6":1,"7":1,"8":0,"9":1,"10":2,"11":1,"12":0,"13":0,"14":0,"15":0,"16":0,"17":0,"18":0,"19":0,"20":0,"21":0,"22":0,"23":0,"24":1,"25":0,"26":1,"27":1,"28":1,"29":1,"30":0,"31":0,"32":0,"33":0,"34":0,"35":0,"36":0,"37":1,"38":0,"39":1,"40":1,"41":1,"42":1,"43":1,"44":0,"45":0,"46":0,"47":0,"48":0,"49":0,"50":0,"51":0,"52":0,"53":0,"54":1,"55":0,"56":1,"57":0,"58":1,"59":0},"fnMap":{"1":{"name":"(anonymous_1)","line":6,"loc":{"start":{"line":6,"column":1},"end":{"line":6,"column":14}}},"2":{"name":"(anonymous_2)","line":6,"loc":{"start":{"line":6,"column":198},"end":{"line":6,"column":208}}},"3":{"name":"(anonymous_3)","line":6,"loc":{"start":{"line":6,"column":216},"end":{"line":6,"column":227}}},"4":{"name":"e","line":6,"loc":{"start":{"line":6,"column":228},"end":{"line":6,"column":241}}},"5":{"name":"(anonymous_5)","line":6,"loc":{"start":{"line":6,"column":415},"end":{"line":6,"column":430}}},"6":{"name":"r","line":6,"loc":{"start":{"line":6,"column":444},"end":{"line":6,"column":457}}},"7":{"name":"(anonymous_7)","line":6,"loc":{"start":{"line":6,"column":539},"end":{"line":6,"column":552}}},"8":{"name":"n","line":6,"loc":{"start":{"line":6,"column":553},"end":{"line":6,"column":566}}},"9":{"name":"(anonymous_9)","line":6,"loc":{"start":{"line":6,"column":640},"end":{"line":6,"column":655}}},"10":{"name":"r","line":6,"loc":{"start":{"line":6,"column":669},"end":{"line":6,"column":682}}},"11":{"name":"(anonymous_11)","line":6,"loc":{"start":{"line":6,"column":812},"end":{"line":6,"column":822}}},"12":{"name":"(anonymous_12)","line":6,"loc":{"start":{"line":6,"column":971},"end":{"line":6,"column":981}}},"13":{"name":"(anonymous_13)","line":6,"loc":{"start":{"line":6,"column":1000},"end":{"line":6,"column":1011}}},"14":{"name":"(anonymous_14)","line":6,"loc":{"start":{"line":6,"column":1041},"end":{"line":6,"column":1052}}},"15":{"name":"(anonymous_15)","line":6,"loc":{"start":{"line":6,"column":1145},"end":{"line":6,"column":1155}}},"16":{"name":"(anonymous_16)","line":6,"loc":{"start":{"line":6,"column":1251},"end":{"line":6,"column":1262}}},"17":{"name":"(anonymous_17)","line":6,"loc":{"start":{"line":6,"column":1453},"end":{"line":6,"column":1464}}},"18":{"name":"(anonymous_18)","line":6,"loc":{"start":{"line":6,"column":1501},"end":{"line":6,"column":1512}}},"19":{"name":"(anonymous_19)","line":6,"loc":{"start":{"line":6,"column":1590},"end":{"line":6,"column":1601}}},"20":{"name":"(anonymous_20)","line":6,"loc":{"start":{"line":6,"column":1624},"end":{"line":6,"column":1635}}},"21":{"name":"(anonymous_21)","line":6,"loc":{"start":{"line":6,"column":1697},"end":{"line":6,"column":1708}}},"22":{"name":"(anonymous_22)","line":6,"loc":{"start":{"line":6,"column":1780},"end":{"line":6,"column":1791}}},"23":{"name":"(anonymous_23)","line":6,"loc":{"start":{"line":6,"column":1841},"end":{"line":6,"column":1852}}},"24":{"name":"(anonymous_24)","line":6,"loc":{"start":{"line":6,"column":1907},"end":{"line":6,"column":1920}}},"25":{"name":"n","line":6,"loc":{"start":{"line":6,"column":1934},"end":{"line":6,"column":1949}}},"26":{"name":"(anonymous_26)","line":6,"loc":{"start":{"line":6,"column":2083},"end":{"line":6,"column":2093}}},"27":{"name":"t","line":6,"loc":{"start":{"line":6,"column":2094},"end":{"line":6,"column":2109}}},"28":{"name":"(anonymous_28)","line":6,"loc":{"start":{"line":6,"column":2267},"end":{"line":6,"column":2282}}},"29":{"name":"(anonymous_29)","line":6,"loc":{"start":{"line":6,"column":2328},"end":{"line":6,"column":2338}}},"30":{"name":"t","line":6,"loc":{"start":{"line":6,"column":2339},"end":{"line":6,"column":2354}}},"31":{"name":"(anonymous_31)","line":6,"loc":{"start":{"line":6,"column":2508},"end":{"line":6,"column":2518}}},"32":{"name":"(anonymous_32)","line":6,"loc":{"start":{"line":6,"column":2559},"end":{"line":6,"column":2570}}},"33":{"name":"(anonymous_33)","line":6,"loc":{"start":{"line":6,"column":2761},"end":{"line":6,"column":2774}}},"34":{"name":"(anonymous_34)","line":6,"loc":{"start":{"line":6,"column":2832},"end":{"line":6,"column":2845}}},"35":{"name":"(anonymous_35)","line":6,"loc":{"start":{"line":6,"column":2905},"end":{"line":6,"column":2918}}},"36":{"name":"(anonymous_36)","line":6,"loc":{"start":{"line":6,"column":3072},"end":{"line":6,"column":3085}}},"37":{"name":"(anonymous_37)","line":6,"loc":{"start":{"line":6,"column":3106},"end":{"line":6,"column":3119}}},"38":{"name":"n","line":6,"loc":{"start":{"line":6,"column":3133},"end":{"line":6,"column":3148}}},"39":{"name":"(anonymous_39)","line":6,"loc":{"start":{"line":6,"column":3498},"end":{"line":6,"column":3511}}},"40":{"name":"(anonymous_40)","line":6,"loc":{"start":{"line":6,"column":3513},"end":{"line":6,"column":3524}}},"41":{"name":"(anonymous_41)","line":6,"loc":{"start":{"line":6,"column":3596},"end":{"line":6,"column":3606}}},"42":{"name":"(anonymous_42)","line":6,"loc":{"start":{"line":6,"column":3624},"end":{"line":6,"column":3639}}},"43":{"name":"(anonymous_43)","line":6,"loc":{"start":{"line":6,"column":3756},"end":{"line":6,"column":3771}}},"44":{"name":"r","line":6,"loc":{"start":{"line":6,"column":3772},"end":{"line":6,"column":3789}}},"45":{"name":"r","line":6,"loc":{"start":{"line":6,"column":3790},"end":{"line":6,"column":3803}}},"46":{"name":"a","line":6,"loc":{"start":{"line":6,"column":3853},"end":{"line":6,"column":3866}}},"47":{"name":"l","line":6,"loc":{"start":{"line":6,"column":3905},"end":{"line":6,"column":3918}}},"48":{"name":"d","line":6,"loc":{"start":{"line":6,"column":3961},"end":{"line":6,"column":3974}}},"49":{"name":"h","line":6,"loc":{"start":{"line":6,"column":4029},"end":{"line":6,"column":4041}}},"50":{"name":"p","line":6,"loc":{"start":{"line":6,"column":4096},"end":{"line":6,"column":4109}}},"51":{"name":"v","line":6,"loc":{"start":{"line":6,"column":4151},"end":{"line":6,"column":4163}}},"52":{"name":"y","line":6,"loc":{"start":{"line":6,"column":4211},"end":{"line":6,"column":4223}}},"53":{"name":"b","line":6,"loc":{"start":{"line":6,"column":4251},"end":{"line":6,"column":4263}}},"54":{"name":"(anonymous_54)","line":6,"loc":{"start":{"line":6,"column":4716},"end":{"line":6,"column":4731}}},"55":{"name":"(anonymous_55)","line":6,"loc":{"start":{"line":6,"column":4745},"end":{"line":6,"column":4755}}},"56":{"name":"(anonymous_56)","line":6,"loc":{"start":{"line":6,"column":4790},"end":{"line":6,"column":4805}}},"57":{"name":"r","line":6,"loc":{"start":{"line":6,"column":4806},"end":{"line":6,"column":4823}}},"58":{"name":"(anonymous_58)","line":6,"loc":{"start":{"line":6,"column":5057},"end":{"line":6,"column":5070}}},"59":{"name":"n","line":6,"loc":{"start":{"line":6,"column":5071},"end":{"line":6,"column":5084}}}},"statementMap":{"1":{"start":{"line":6,"column":0},"end":{"line":6,"column":5111}},"2":{"start":{"line":6,"column":15},"end":{"line":6,"column":191}},"3":{"start":{"line":6,"column":209},"end":{"line":6,"column":5108}},"4":{"start":{"line":6,"column":228},"end":{"line":6,"column":373}},"5":{"start":{"line":6,"column":242},"end":{"line":6,"column":270}},"6":{"start":{"line":6,"column":250},"end":{"line":6,"column":270}},"7":{"start":{"line":6,"column":270},"end":{"line":6,"column":309}},"8":{"start":{"line":6,"column":309},"end":{"line":6,"column":372}},"9":{"start":{"line":6,"column":373},"end":{"line":6,"column":382}},"10":{"start":{"line":6,"column":382},"end":{"line":6,"column":412}},"11":{"start":{"line":6,"column":444},"end":{"line":6,"column":497}},"12":{"start":{"line":6,"column":458},"end":{"line":6,"column":496}},"13":{"start":{"line":6,"column":497},"end":{"line":6,"column":515}},"14":{"start":{"line":6,"column":515},"end":{"line":6,"column":537}},"15":{"start":{"line":6,"column":553},"end":{"line":6,"column":627}},"16":{"start":{"line":6,"column":567},"end":{"line":6,"column":582}},"17":{"start":{"line":6,"column":582},"end":{"line":6,"column":626}},"18":{"start":{"line":6,"column":627},"end":{"line":6,"column":638}},"19":{"start":{"line":6,"column":669},"end":{"line":6,"column":722}},"20":{"start":{"line":6,"column":683},"end":{"line":6,"column":721}},"21":{"start":{"line":6,"column":722},"end":{"line":6,"column":771}},"22":{"start":{"line":6,"column":771},"end":{"line":6,"column":1889}},"23":{"start":{"line":6,"column":823},"end":{"line":6,"column":1887}},"24":{"start":{"line":6,"column":854},"end":{"line":6,"column":1031}},"25":{"start":{"line":6,"column":982},"end":{"line":6,"column":1026}},"26":{"start":{"line":6,"column":1012},"end":{"line":6,"column":1024}},"27":{"start":{"line":6,"column":1031},"end":{"line":6,"column":1245}},"28":{"start":{"line":6,"column":1053},"end":{"line":6,"column":1081}},"29":{"start":{"line":6,"column":1156},"end":{"line":6,"column":1242}},"30":{"start":{"line":6,"column":1245},"end":{"line":6,"column":1437}},"31":{"start":{"line":6,"column":1263},"end":{"line":6,"column":1435}},"32":{"start":{"line":6,"column":1286},"end":{"line":6,"column":1336}},"33":{"start":{"line":6,"column":1336},"end":{"line":6,"column":1434}},"34":{"start":{"line":6,"column":1437},"end":{"line":6,"column":1886}},"35":{"start":{"line":6,"column":1465},"end":{"line":6,"column":1495}},"36":{"start":{"line":6,"column":1479},"end":{"line":6,"column":1495}},"37":{"start":{"line":6,"column":1495},"end":{"line":6,"column":1539}},"38":{"start":{"line":6,"column":1513},"end":{"line":6,"column":1537}},"39":{"start":{"line":6,"column":1539},"end":{"line":6,"column":1683}},"40":{"start":{"line":6,"column":1602},"end":{"line":6,"column":1622}},"41":{"start":{"line":6,"column":1636},"end":{"line":6,"column":1672}},"42":{"start":{"line":6,"column":1709},"end":{"line":6,"column":1771}},"43":{"start":{"line":6,"column":1792},"end":{"line":6,"column":1834}},"44":{"start":{"line":6,"column":1853},"end":{"line":6,"column":1871}},"45":{"start":{"line":6,"column":1889},"end":{"line":6,"column":1905}},"46":{"start":{"line":6,"column":1934},"end":{"line":6,"column":2028}},"47":{"start":{"line":6,"column":1950},"end":{"line":6,"column":2027}},"48":{"start":{"line":6,"column":1971},"end":{"line":6,"column":2027}},"49":{"start":{"line":6,"column":2028},"end":{"line":6,"column":2077}},"50":{"start":{"line":6,"column":2077},"end":{"line":6,"column":3059}},"51":{"start":{"line":6,"column":2094},"end":{"line":6,"column":2260}},"52":{"start":{"line":6,"column":2110},"end":{"line":6,"column":2259}},"53":{"start":{"line":6,"column":2138},"end":{"line":6,"column":2149}},"54":{"start":{"line":6,"column":2149},"end":{"line":6,"column":2258}},"55":{"start":{"line":6,"column":2260},"end":{"line":6,"column":2322}},"56":{"start":{"line":6,"column":2283},"end":{"line":6,"column":2321}},"57":{"start":{"line":6,"column":2339},"end":{"line":6,"column":2477}},"58":{"start":{"line":6,"column":2355},"end":{"line":6,"column":2476}},"59":{"start":{"line":6,"column":2477},"end":{"line":6,"column":3055}},"60":{"start":{"line":6,"column":2519},"end":{"line":6,"column":2530}},"61":{"start":{"line":6,"column":2530},"end":{"line":6,"column":2742}},"62":{"start":{"line":6,"column":2571},"end":{"line":6,"column":2651}},"63":{"start":{"line":6,"column":2651},"end":{"line":6,"column":2735}},"64":{"start":{"line":6,"column":2775},"end":{"line":6,"column":2811}},"65":{"start":{"line":6,"column":2846},"end":{"line":6,"column":2884}},"66":{"start":{"line":6,"column":2919},"end":{"line":6,"column":2973}},"67":{"start":{"line":6,"column":2948},"end":{"line":6,"column":2973}},"68":{"start":{"line":6,"column":2973},"end":{"line":6,"column":3038}},"69":{"start":{"line":6,"column":3015},"end":{"line":6,"column":3038}},"70":{"start":{"line":6,"column":3038},"end":{"line":6,"column":3049}},"71":{"start":{"line":6,"column":3059},"end":{"line":6,"column":3104}},"72":{"start":{"line":6,"column":3086},"end":{"line":6,"column":3103}},"73":{"start":{"line":6,"column":3133},"end":{"line":6,"column":3433}},"74":{"start":{"line":6,"column":3149},"end":{"line":6,"column":3333}},"75":{"start":{"line":6,"column":3333},"end":{"line":6,"column":3432}},"76":{"start":{"line":6,"column":3433},"end":{"line":6,"column":3496}},"77":{"start":{"line":6,"column":3512},"end":{"line":6,"column":3622}},"78":{"start":{"line":6,"column":3525},"end":{"line":6,"column":3575}},"79":{"start":{"line":6,"column":3575},"end":{"line":6,"column":3586}},"80":{"start":{"line":6,"column":3607},"end":{"line":6,"column":3618}},"81":{"start":{"line":6,"column":3640},"end":{"line":6,"column":3743}},"82":{"start":{"line":6,"column":3743},"end":{"line":6,"column":3754}},"83":{"start":{"line":6,"column":3772},"end":{"line":6,"column":4631}},"84":{"start":{"line":6,"column":3790},"end":{"line":6,"column":3853}},"85":{"start":{"line":6,"column":3804},"end":{"line":6,"column":3816}},"86":{"start":{"line":6,"column":3816},"end":{"line":6,"column":3852}},"87":{"start":{"line":6,"column":3853},"end":{"line":6,"column":3905}},"88":{"start":{"line":6,"column":3867},"end":{"line":6,"column":3904}},"89":{"start":{"line":6,"column":3905},"end":{"line":6,"column":3961}},"90":{"start":{"line":6,"column":3919},"end":{"line":6,"column":3941}},"91":{"start":{"line":6,"column":3941},"end":{"line":6,"column":3960}},"92":{"start":{"line":6,"column":3961},"end":{"line":6,"column":4029}},"93":{"start":{"line":6,"column":3975},"end":{"line":6,"column":3991}},"94":{"start":{"line":6,"column":3991},"end":{"line":6,"column":4028}},"95":{"start":{"line":6,"column":4029},"end":{"line":6,"column":4096}},"96":{"start":{"line":6,"column":4042},"end":{"line":6,"column":4052}},"97":{"start":{"line":6,"column":4052},"end":{"line":6,"column":4095}},"98":{"start":{"line":6,"column":4096},"end":{"line":6,"column":4151}},"99":{"start":{"line":6,"column":4110},"end":{"line":6,"column":4150}},"100":{"start":{"line":6,"column":4151},"end":{"line":6,"column":4211}},"101":{"start":{"line":6,"column":4164},"end":{"line":6,"column":4210}},"102":{"start":{"line":6,"column":4211},"end":{"line":6,"column":4251}},"103":{"start":{"line":6,"column":4224},"end":{"line":6,"column":4250}},"104":{"start":{"line":6,"column":4251},"end":{"line":6,"column":4412}},"105":{"start":{"line":6,"column":4264},"end":{"line":6,"column":4281}},"106":{"start":{"line":6,"column":4281},"end":{"line":6,"column":4371}},"107":{"start":{"line":6,"column":4310},"end":{"line":6,"column":4336}},"108":{"start":{"line":6,"column":4324},"end":{"line":6,"column":4336}},"109":{"start":{"line":6,"column":4336},"end":{"line":6,"column":4370}},"110":{"start":{"line":6,"column":4341},"end":{"line":6,"column":4370}},"111":{"start":{"line":6,"column":4371},"end":{"line":6,"column":4411}},"112":{"start":{"line":6,"column":4412},"end":{"line":6,"column":4447}},"113":{"start":{"line":6,"column":4447},"end":{"line":6,"column":4494}},"114":{"start":{"line":6,"column":4471},"end":{"line":6,"column":4494}},"115":{"start":{"line":6,"column":4494},"end":{"line":6,"column":4630}},"116":{"start":{"line":6,"column":4631},"end":{"line":6,"column":4703}},"117":{"start":{"line":6,"column":4703},"end":{"line":6,"column":4714}},"118":{"start":{"line":6,"column":4732},"end":{"line":6,"column":4777}},"119":{"start":{"line":6,"column":4756},"end":{"line":6,"column":4775}},"120":{"start":{"line":6,"column":4777},"end":{"line":6,"column":4788}},"121":{"start":{"line":6,"column":4806},"end":{"line":6,"column":5002}},"122":{"start":{"line":6,"column":4824},"end":{"line":6,"column":4838}},"123":{"start":{"line":6,"column":4838},"end":{"line":6,"column":4885}},"124":{"start":{"line":6,"column":4862},"end":{"line":6,"column":4885}},"125":{"start":{"line":6,"column":4885},"end":{"line":6,"column":5001}},"126":{"start":{"line":6,"column":5002},"end":{"line":6,"column":5044}},"127":{"start":{"line":6,"column":5044},"end":{"line":6,"column":5055}},"128":{"start":{"line":6,"column":5071},"end":{"line":6,"column":5094}},"129":{"start":{"line":6,"column":5085},"end":{"line":6,"column":5093}},"130":{"start":{"line":6,"column":5094},"end":{"line":6,"column":5105}}},"branchMap":{"1":{"line":6,"type":"cond-expr","locations":[{"start":{"line":6,"column":65},"end":{"line":6,"column":83}},{"start":{"line":6,"column":84},"end":{"line":6,"column":191}}]},"2":{"line":6,"type":"binary-expr","locations":[{"start":{"line":6,"column":15},"end":{"line":6,"column":39}},{"start":{"line":6,"column":41},"end":{"line":6,"column":64}}]},"3":{"line":6,"type":"cond-expr","locations":[{"start":{"line":6,"column":122},"end":{"line":6,"column":134}},{"start":{"line":6,"column":135},"end":{"line":6,"column":191}}]},"4":{"line":6,"type":"binary-expr","locations":[{"start":{"line":6,"column":84},"end":{"line":6,"column":109}},{"start":{"line":6,"column":111},"end":{"line":6,"column":121}}]},"5":{"line":6,"type":"cond-expr","locations":[{"start":{"line":6,"column":160},"end":{"line":6,"column":178}},{"start":{"line":6,"column":179},"end":{"line":6,"column":191}}]},"6":{"line":6,"type":"if","locations":[{"start":{"line":6,"column":242},"end":{"line":6,"column":242}},{"start":{"line":6,"column":242},"end":{"line":6,"column":242}}]},"7":{"line":6,"type":"cond-expr","locations":[{"start":{"line":6,"column":481},"end":{"line":6,"column":482}},{"start":{"line":6,"column":483},"end":{"line":6,"column":496}}]},"8":{"line":6,"type":"binary-expr","locations":[{"start":{"line":6,"column":465},"end":{"line":6,"column":466}},{"start":{"line":6,"column":468},"end":{"line":6,"column":480}}]},"9":{"line":6,"type":"binary-expr","locations":[{"start":{"line":6,"column":589},"end":{"line":6,"column":596}},{"start":{"line":6,"column":599},"end":{"line":6,"column":610}},{"start":{"line":6,"column":612},"end":{"line":6,"column":625}}]},"10":{"line":6,"type":"cond-expr","locations":[{"start":{"line":6,"column":706},"end":{"line":6,"column":707}},{"start":{"line":6,"column":708},"end":{"line":6,"column":721}}]},"11":{"line":6,"type":"binary-expr","locations":[{"start":{"line":6,"column":690},"end":{"line":6,"column":691}},{"start":{"line":6,"column":693},"end":{"line":6,"column":705}}]},"12":{"line":6,"type":"if","locations":[{"start":{"line":6,"column":823},"end":{"line":6,"column":823}},{"start":{"line":6,"column":823},"end":{"line":6,"column":823}}]},"13":{"line":6,"type":"binary-expr","locations":[{"start":{"line":6,"column":1084},"end":{"line":6,"column":1107}},{"start":{"line":6,"column":1109},"end":{"line":6,"column":1244}}]},"14":{"line":6,"type":"if","locations":[{"start":{"line":6,"column":1263},"end":{"line":6,"column":1263}},{"start":{"line":6,"column":1263},"end":{"line":6,"column":1263}}]},"15":{"line":6,"type":"cond-expr","locations":[{"start":{"line":6,"column":1367},"end":{"line":6,"column":1382}},{"start":{"line":6,"column":1384},"end":{"line":6,"column":1428}}]},"16":{"line":6,"type":"if","locations":[{"start":{"line":6,"column":1465},"end":{"line":6,"column":1465}},{"start":{"line":6,"column":1465},"end":{"line":6,"column":1465}}]},"17":{"line":6,"type":"cond-expr","locations":[{"start":{"line":6,"column":1590},"end":{"line":6,"column":1623}},{"start":{"line":6,"column":1624},"end":{"line":6,"column":1673}}]},"18":{"line":6,"type":"cond-expr","locations":[{"start":{"line":6,"column":1651},"end":{"line":6,"column":1667}},{"start":{"line":6,"column":1668},"end":{"line":6,"column":1672}}]},"19":{"line":6,"type":"cond-expr","locations":[{"start":{"line":6,"column":1746},"end":{"line":6,"column":1759}},{"start":{"line":6,"column":1760},"end":{"line":6,"column":1771}}]},"20":{"line":6,"type":"binary-expr","locations":[{"start":{"line":6,"column":1715},"end":{"line":6,"column":1733}},{"start":{"line":6,"column":1735},"end":{"line":6,"column":1739}},{"start":{"line":6,"column":1741},"end":{"line":6,"column":1745}}]},"21":{"line":6,"type":"cond-expr","locations":[{"start":{"line":6,"column":1819},"end":{"line":6,"column":1827}},{"start":{"line":6,"column":1828},"end":{"line":6,"column":1834}}]},"22":{"line":6,"type":"if","locations":[{"start":{"line":6,"column":1950},"end":{"line":6,"column":1950}},{"start":{"line":6,"column":1950},"end":{"line":6,"column":1950}}]},"23":{"line":6,"type":"binary-expr","locations":[{"start":{"line":6,"column":2162},"end":{"line":6,"column":2174}},{"start":{"line":6,"column":2176},"end":{"line":6,"column":2178}}]},"24":{"line":6,"type":"binary-expr","locations":[{"start":{"line":6,"column":2197},"end":{"line":6,"column":2208}},{"start":{"line":6,"column":2211},"end":{"line":6,"column":2224}}]},"25":{"line":6,"type":"binary-expr","locations":[{"start":{"line":6,"column":2290},"end":{"line":6,"column":2291}},{"start":{"line":6,"column":2293},"end":{"line":6,"column":2309}}]},"26":{"line":6,"type":"binary-expr","locations":[{"start":{"line":6,"column":2310},"end":{"line":6,"column":2311}},{"start":{"line":6,"column":2313},"end":{"line":6,"column":2319}}]},"27":{"line":6,"type":"binary-expr","locations":[{"start":{"line":6,"column":2637},"end":{"line":6,"column":2638}},{"start":{"line":6,"column":2640},"end":{"line":6,"column":2642}}]},"28":{"line":6,"type":"binary-expr","locations":[{"start":{"line":6,"column":2645},"end":{"line":6,"column":2647}},{"start":{"line":6,"column":2649},"end":{"line":6,"column":2650}}]},"29":{"line":6,"type":"binary-expr","locations":[{"start":{"line":6,"column":2651},"end":{"line":6,"column":2652}},{"start":{"line":6,"column":2655},"end":{"line":6,"column":2690}}]},"30":{"line":6,"type":"binary-expr","locations":[{"start":{"line":6,"column":2692},"end":{"line":6,"column":2693}},{"start":{"line":6,"column":2696},"end":{"line":6,"column":2734}}]},"31":{"line":6,"type":"binary-expr","locations":[{"start":{"line":6,"column":3340},"end":{"line":6,"column":3360}},{"start":{"line":6,"column":3362},"end":{"line":6,"column":3384}},{"start":{"line":6,"column":3386},"end":{"line":6,"column":3409}},{"start":{"line":6,"column":3411},"end":{"line":6,"column":3432}}]},"32":{"line":6,"type":"binary-expr","locations":[{"start":{"line":6,"column":3531},"end":{"line":6,"column":3549}},{"start":{"line":6,"column":3551},"end":{"line":6,"column":3552}},{"start":{"line":6,"column":3554},"end":{"line":6,"column":3571}},{"start":{"line":6,"column":3573},"end":{"line":6,"column":3574}}]},"33":{"line":6,"type":"binary-expr","locations":[{"start":{"line":6,"column":3653},"end":{"line":6,"column":3674}},{"start":{"line":6,"column":3676},"end":{"line":6,"column":3680}},{"start":{"line":6,"column":3682},"end":{"line":6,"column":3702}},{"start":{"line":6,"column":3704},"end":{"line":6,"column":3708}}]},"34":{"line":6,"type":"binary-expr","locations":[{"start":{"line":6,"column":3711},"end":{"line":6,"column":3712}},{"start":{"line":6,"column":3714},"end":{"line":6,"column":3715}},{"start":{"line":6,"column":3717},"end":{"line":6,"column":3742}}]},"35":{"line":6,"type":"cond-expr","locations":[{"start":{"line":6,"column":3898},"end":{"line":6,"column":3902}},{"start":{"line":6,"column":3903},"end":{"line":6,"column":3904}}]},"36":{"line":6,"type":"cond-expr","locations":[{"start":{"line":6,"column":3950},"end":{"line":6,"column":3958}},{"start":{"line":6,"column":3959},"end":{"line":6,"column":3960}}]},"37":{"line":6,"type":"binary-expr","locations":[{"start":{"line":6,"column":3998},"end":{"line":6,"column":4008}},{"start":{"line":6,"column":4010},"end":{"line":6,"column":4014}},{"start":{"line":6,"column":4016},"end":{"line":6,"column":4019}},{"start":{"line":6,"column":4021},"end":{"line":6,"column":4022}},{"start":{"line":6,"column":4024},"end":{"line":6,"column":4028}}]},"38":{"line":6,"type":"cond-expr","locations":[{"start":{"line":6,"column":4064},"end":{"line":6,"column":4068}},{"start":{"line":6,"column":4069},"end":{"line":6,"column":4095}}]},"39":{"line":6,"type":"cond-expr","locations":[{"start":{"line":6,"column":4131},"end":{"line":6,"column":4135}},{"start":{"line":6,"column":4137},"end":{"line":6,"column":4149}}]},"40":{"line":6,"type":"binary-expr","locations":[{"start":{"line":6,"column":4126},"end":{"line":6,"column":4127}},{"start":{"line":6,"column":4129},"end":{"line":6,"column":4130}}]},"41":{"line":6,"type":"binary-expr","locations":[{"start":{"line":6,"column":4164},"end":{"line":6,"column":4174}},{"start":{"line":6,"column":4176},"end":{"line":6,"column":4191}}]},"42":{"line":6,"type":"cond-expr","locations":[{"start":{"line":6,"column":4242},"end":{"line":6,"column":4243}},{"start":{"line":6,"column":4244},"end":{"line":6,"column":4250}}]},"43":{"line":6,"type":"if","locations":[{"start":{"line":6,"column":4281},"end":{"line":6,"column":4281}},{"start":{"line":6,"column":4281},"end":{"line":6,"column":4281}}]},"44":{"line":6,"type":"if","locations":[{"start":{"line":6,"column":4310},"end":{"line":6,"column":4310}},{"start":{"line":6,"column":4310},"end":{"line":6,"column":4310}}]},"45":{"line":6,"type":"if","locations":[{"start":{"line":6,"column":4336},"end":{"line":6,"column":4336}},{"start":{"line":6,"column":4336},"end":{"line":6,"column":4336}}]},"46":{"line":6,"type":"binary-expr","locations":[{"start":{"line":6,"column":4378},"end":{"line":6,"column":4388}},{"start":{"line":6,"column":4391},"end":{"line":6,"column":4408}}]},"47":{"line":6,"type":"if","locations":[{"start":{"line":6,"column":4447},"end":{"line":6,"column":4447}},{"start":{"line":6,"column":4447},"end":{"line":6,"column":4447}}]},"48":{"line":6,"type":"binary-expr","locations":[{"start":{"line":6,"column":4503},"end":{"line":6,"column":4507}},{"start":{"line":6,"column":4509},"end":{"line":6,"column":4510}}]},"49":{"line":6,"type":"binary-expr","locations":[{"start":{"line":6,"column":4511},"end":{"line":6,"column":4515}},{"start":{"line":6,"column":4518},"end":{"line":6,"column":4606}}]},"50":{"line":6,"type":"cond-expr","locations":[{"start":{"line":6,"column":4552},"end":{"line":6,"column":4572}},{"start":{"line":6,"column":4573},"end":{"line":6,"column":4574}}]},"51":{"line":6,"type":"binary-expr","locations":[{"start":{"line":6,"column":4554},"end":{"line":6,"column":4566}},{"start":{"line":6,"column":4568},"end":{"line":6,"column":4569}}]},"52":{"line":6,"type":"cond-expr","locations":[{"start":{"line":6,"column":4592},"end":{"line":6,"column":4604}},{"start":{"line":6,"column":4605},"end":{"line":6,"column":4606}}]},"53":{"line":6,"type":"if","locations":[{"start":{"line":6,"column":4838},"end":{"line":6,"column":4838}},{"start":{"line":6,"column":4838},"end":{"line":6,"column":4838}}]},"54":{"line":6,"type":"binary-expr","locations":[{"start":{"line":6,"column":4892},"end":{"line":6,"column":4896}},{"start":{"line":6,"column":4899},"end":{"line":6,"column":4960}}]},"55":{"line":6,"type":"cond-expr","locations":[{"start":{"line":6,"column":4915},"end":{"line":6,"column":4926}},{"start":{"line":6,"column":4927},"end":{"line":6,"column":4928}}]},"56":{"line":6,"type":"cond-expr","locations":[{"start":{"line":6,"column":4946},"end":{"line":6,"column":4958}},{"start":{"line":6,"column":4959},"end":{"line":6,"column":4960}}]}},"code":["/*!"," * in-view 0.6.1 - Get notified when a DOM element enters or exits the viewport."," * Copyright (c) 2016 Cam Wiegert <cam@camwiegert.com> - https://camwiegert.github.io/in-view"," * License: MIT"," */","!function(t,e){\"object\"==typeof exports&&\"object\"==typeof module?module.exports=e():\"function\"==typeof define&&define.amd?define([],e):\"object\"==typeof exports?exports.inView=e():t.inView=e()}(this,function(){return function(t){function e(r){if(n[r])return n[r].exports;var i=n[r]={exports:{},id:r,loaded:!1};return t[r].call(i.exports,i,i.exports,e),i.loaded=!0,i.exports}var n={};return e.m=t,e.c=n,e.p=\"\",e(0)}([function(t,e,n){\"use strict\";function r(t){return t&&t.__esModule?t:{\"default\":t}}var i=n(2),o=r(i);t.exports=o[\"default\"]},function(t,e){function n(t){var e=typeof t;return null!=t&&(\"object\"==e||\"function\"==e)}t.exports=n},function(t,e,n){\"use strict\";function r(t){return t&&t.__esModule?t:{\"default\":t}}Object.defineProperty(e,\"__esModule\",{value:!0});var i=n(9),o=r(i),u=n(3),f=r(u),s=n(4),c=function(){if(\"undefined\"!=typeof window){var t=100,e=[\"scroll\",\"resize\",\"load\"],n={history:[]},r={offset:{},threshold:0,test:s.inViewport},i=(0,o[\"default\"])(function(){n.history.forEach(function(t){n[t].check()})},t);e.forEach(function(t){return addEventListener(t,i)}),window.MutationObserver&&addEventListener(\"DOMContentLoaded\",function(){new MutationObserver(i).observe(document.body,{attributes:!0,childList:!0,subtree:!0})});var u=function(t){if(\"string\"==typeof t){var e=[].slice.call(document.querySelectorAll(t));return n.history.indexOf(t)>-1?n[t].elements=e:(n[t]=(0,f[\"default\"])(e,r),n.history.push(t)),n[t]}};return u.offset=function(t){if(void 0===t)return r.offset;var e=function(t){return\"number\"==typeof t};return[\"top\",\"right\",\"bottom\",\"left\"].forEach(e(t)?function(e){return r.offset[e]=t}:function(n){return e(t[n])?r.offset[n]=t[n]:null}),r.offset},u.threshold=function(t){return\"number\"==typeof t&&t>=0&&t<=1?r.threshold=t:r.threshold},u.test=function(t){return\"function\"==typeof t?r.test=t:r.test},u.is=function(t){return r.test(t,r)},u.offset(0),u}};e[\"default\"]=c()},function(t,e){\"use strict\";function n(t,e){if(!(t instanceof e))throw new TypeError(\"Cannot call a class as a function\")}Object.defineProperty(e,\"__esModule\",{value:!0});var r=function(){function t(t,e){for(var n=0;n<e.length;n++){var r=e[n];r.enumerable=r.enumerable||!1,r.configurable=!0,\"value\"in r&&(r.writable=!0),Object.defineProperty(t,r.key,r)}}return function(e,n,r){return n&&t(e.prototype,n),r&&t(e,r),e}}(),i=function(){function t(e,r){n(this,t),this.options=r,this.elements=e,this.current=[],this.handlers={enter:[],exit:[]},this.singles={enter:[],exit:[]}}return r(t,[{key:\"check\",value:function(){var t=this;return this.elements.forEach(function(e){var n=t.options.test(e,t.options),r=t.current.indexOf(e),i=r>-1,o=n&&!i,u=!n&&i;o&&(t.current.push(e),t.emit(\"enter\",e)),u&&(t.current.splice(r,1),t.emit(\"exit\",e))}),this}},{key:\"on\",value:function(t,e){return this.handlers[t].push(e),this}},{key:\"once\",value:function(t,e){return this.singles[t].unshift(e),this}},{key:\"emit\",value:function(t,e){for(;this.singles[t].length;)this.singles[t].pop()(e);for(var n=this.handlers[t].length;--n>-1;)this.handlers[t][n](e);return this}}]),t}();e[\"default\"]=function(t,e){return new i(t,e)}},function(t,e){\"use strict\";function n(t,e){var n=t.getBoundingClientRect(),r=n.top,i=n.right,o=n.bottom,u=n.left,f=n.width,s=n.height,c={t:o,r:window.innerWidth-u,b:window.innerHeight-r,l:i},a={x:e.threshold*f,y:e.threshold*s};return c.t>e.offset.top+a.y&&c.r>e.offset.right+a.x&&c.b>e.offset.bottom+a.y&&c.l>e.offset.left+a.x}Object.defineProperty(e,\"__esModule\",{value:!0}),e.inViewport=n},function(t,e){(function(e){var n=\"object\"==typeof e&&e&&e.Object===Object&&e;t.exports=n}).call(e,function(){return this}())},function(t,e,n){var r=n(5),i=\"object\"==typeof self&&self&&self.Object===Object&&self,o=r||i||Function(\"return this\")();t.exports=o},function(t,e,n){function r(t,e,n){function r(e){var n=x,r=m;return x=m=void 0,E=e,w=t.apply(r,n)}function a(t){return E=t,j=setTimeout(h,e),M?r(t):w}function l(t){var n=t-O,r=t-E,i=e-n;return _?c(i,g-r):i}function d(t){var n=t-O,r=t-E;return void 0===O||n>=e||n<0||_&&r>=g}function h(){var t=o();return d(t)?p(t):void(j=setTimeout(h,l(t)))}function p(t){return j=void 0,T&&x?r(t):(x=m=void 0,w)}function v(){void 0!==j&&clearTimeout(j),E=0,x=O=m=j=void 0}function y(){return void 0===j?w:p(o())}function b(){var t=o(),n=d(t);if(x=arguments,m=this,O=t,n){if(void 0===j)return a(O);if(_)return j=setTimeout(h,e),r(O)}return void 0===j&&(j=setTimeout(h,e)),w}var x,m,g,w,j,O,E=0,M=!1,_=!1,T=!0;if(\"function\"!=typeof t)throw new TypeError(f);return e=u(e)||0,i(n)&&(M=!!n.leading,_=\"maxWait\"in n,g=_?s(u(n.maxWait)||0,e):g,T=\"trailing\"in n?!!n.trailing:T),b.cancel=v,b.flush=y,b}var i=n(1),o=n(8),u=n(10),f=\"Expected a function\",s=Math.max,c=Math.min;t.exports=r},function(t,e,n){var r=n(6),i=function(){return r.Date.now()};t.exports=i},function(t,e,n){function r(t,e,n){var r=!0,f=!0;if(\"function\"!=typeof t)throw new TypeError(u);return o(n)&&(r=\"leading\"in n?!!n.leading:r,f=\"trailing\"in n?!!n.trailing:f),i(t,e,{leading:r,maxWait:e,trailing:f})}var i=n(7),o=n(1),u=\"Expected a function\";t.exports=r},function(t,e){function n(t){return t}t.exports=n}])});"],"l":{"6":12}},"/home/travis/build/npmtest/node-npmtest-in-view/node_modules/in-view/webpack.config.js":{"path":"/home/travis/build/npmtest/node-npmtest-in-view/node_modules/in-view/webpack.config.js","s":{"1":2,"2":0,"3":0},"b":{},"f":{},"fnMap":{},"statementMap":{"1":{"start":{"line":1,"column":0},"end":{"line":3,"column":37}},"2":{"start":{"line":5,"column":0},"end":{"line":5,"column":191}},"3":{"start":{"line":7,"column":0},"end":{"line":27,"column":2}}},"branchMap":{},"code":["const LodashModuleReplacementPlugin = require('lodash-webpack-plugin'),","      webpack = require('webpack'),","      package = require('./package');","","const banner = `${package.name} ${package.version} - ${package.description}\\nCopyright (c) ${ new Date().getFullYear() } ${package.author} - ${package.homepage}\\nLicense: ${package.license}`;","","module.exports = {","    'context': __dirname + '/src',","    'entry': './index.js',","    'output': {","        'path': __dirname + '/dist',","        'filename': `${package.name}.min.js`,","        'library': `inView`,","        'libraryTarget': 'umd'","    },","    'module': {","        'loaders': [{","            'test': /\\.js$/,","            'exclude': /node_modules/,","            'loader': 'babel'","        }]","    },","    'plugins': [","        new webpack.BannerPlugin(banner),","        new LodashModuleReplacementPlugin","    ]","};",""],"l":{"1":2,"5":0,"7":0}}}